2022-06-06 11:07:15,929 - main.py[line:75]: Load the data...
2022-06-06 11:07:54,329 - main.py[line:82]: Finish data loading.
2022-06-06 11:07:57,753 - utils.py[line:114]: Epoch	Train top1	Train top5	Test top1	Test top5	
2022-06-06 11:08:07,021 - utils.py[line:134]:   1	0.60000		0.80900		0.30875		0.50400
2022-06-06 11:08:15,705 - utils.py[line:134]:   2	0.90800		0.98000		0.53200		0.71125
2022-06-06 11:08:24,229 - utils.py[line:134]:   3	0.97800		0.99900		0.62425		0.80475
2022-06-06 11:08:32,659 - utils.py[line:134]:   4	0.99700		1.00000		0.69425		0.85950
2022-06-06 11:08:41,308 - utils.py[line:134]:   5	0.99700		1.00000		0.72500		0.87750
2022-06-06 11:08:49,742 - utils.py[line:134]:   6	0.99600		1.00000		0.73950		0.88200
2022-06-06 11:08:58,051 - utils.py[line:134]:   7	0.99600		1.00000		0.73275		0.88700
2022-06-06 11:09:06,877 - utils.py[line:134]:   8	0.99700		1.00000		0.74025		0.88750
2022-06-06 11:09:15,558 - utils.py[line:134]:   9	0.99600		1.00000		0.74900		0.88650
2022-06-06 11:09:23,416 - utils.py[line:134]:  10	0.99700		1.00000		0.72525		0.87625
2022-06-06 11:09:31,837 - utils.py[line:134]:  11	0.99700		1.00000		0.73300		0.88425
2022-06-06 11:09:39,847 - utils.py[line:134]:  12	0.99700		1.00000		0.73550		0.87675
2022-06-06 11:09:48,053 - utils.py[line:134]:  13	0.99600		1.00000		0.73000		0.88325
2022-06-06 11:09:56,304 - utils.py[line:134]:  14	0.99700		1.00000		0.72400		0.87725
2022-06-06 11:10:04,390 - utils.py[line:134]:  15	0.99700		1.00000		0.72475		0.87275
2022-06-06 11:10:12,637 - utils.py[line:134]:  16	0.99700		1.00000		0.73325		0.88675
2022-06-06 11:10:20,958 - utils.py[line:134]:  17	0.99700		1.00000		0.71500		0.86600
2022-06-06 11:10:29,068 - utils.py[line:134]:  18	0.99600		1.00000		0.71600		0.87075
2022-06-06 11:10:37,324 - utils.py[line:134]:  19	0.99500		1.00000		0.71025		0.87325
2022-06-06 11:10:45,244 - utils.py[line:134]:  20	0.99700		1.00000		0.71950		0.87400
2022-06-06 11:10:52,953 - utils.py[line:134]:  21	0.99700		1.00000		0.74200		0.88150
2022-06-06 11:11:01,111 - utils.py[line:134]:  22	0.99700		1.00000		0.73850		0.88900
2022-06-06 11:11:09,277 - utils.py[line:134]:  23	0.99700		1.00000		0.74175		0.88575
2022-06-06 11:11:17,568 - utils.py[line:134]:  24	0.99700		1.00000		0.72850		0.88050
2022-06-06 11:11:26,270 - utils.py[line:134]:  25	0.99700		1.00000		0.74975		0.89000
2022-06-06 11:11:33,955 - utils.py[line:134]:  26	0.99700		1.00000		0.74800		0.89000
2022-06-06 11:11:41,653 - utils.py[line:134]:  27	0.99700		1.00000		0.71175		0.86875
2022-06-06 11:11:49,432 - utils.py[line:134]:  28	0.99500		1.00000		0.72225		0.87275
2022-06-06 11:11:57,761 - utils.py[line:134]:  29	0.98400		1.00000		0.65625		0.84700
2022-06-06 11:12:05,985 - utils.py[line:134]:  30	0.99700		1.00000		0.74700		0.89000
2022-06-06 11:12:14,684 - utils.py[line:134]:  31	0.99700		1.00000		0.75025		0.88700
2022-06-06 11:12:23,159 - utils.py[line:134]:  32	0.99700		1.00000		0.72650		0.87775
2022-06-06 11:12:31,120 - utils.py[line:134]:  33	0.99600		1.00000		0.70600		0.85925
2022-06-06 11:12:39,022 - utils.py[line:134]:  34	0.99700		1.00000		0.73975		0.88025
2022-06-06 11:12:47,286 - utils.py[line:134]:  35	0.99600		1.00000		0.74075		0.88375
2022-06-06 11:12:55,314 - utils.py[line:134]:  36	0.99600		1.00000		0.73700		0.88525
2022-06-06 11:13:03,532 - utils.py[line:134]:  37	0.99200		1.00000		0.71725		0.87900
2022-06-06 11:13:11,900 - utils.py[line:134]:  38	0.99700		1.00000		0.71850		0.87825
2022-06-06 11:13:19,969 - utils.py[line:134]:  39	0.99600		1.00000		0.61350		0.82525
2022-06-06 11:13:27,982 - utils.py[line:134]:  40	0.99700		1.00000		0.73150		0.88550
2022-06-06 11:13:35,980 - utils.py[line:134]:  41	0.99700		1.00000		0.72975		0.88125
2022-06-06 11:13:44,301 - utils.py[line:134]:  42	0.99700		1.00000		0.74400		0.89675
2022-06-06 11:13:52,743 - utils.py[line:134]:  43	0.99400		0.99800		0.67975		0.84625
2022-06-06 11:14:01,142 - utils.py[line:134]:  44	0.99600		1.00000		0.71975		0.87425
2022-06-06 11:14:08,902 - utils.py[line:134]:  45	0.99700		1.00000		0.74675		0.89075
2022-06-06 11:14:16,823 - utils.py[line:134]:  46	0.99700		1.00000		0.74900		0.88675
2022-06-06 11:14:25,131 - utils.py[line:134]:  47	0.99700		1.00000		0.67950		0.84400
2022-06-06 11:14:32,952 - utils.py[line:134]:  48	0.99600		1.00000		0.74125		0.88075
2022-06-06 11:14:41,309 - utils.py[line:134]:  49	0.99700		1.00000		0.72175		0.87125
2022-06-06 11:14:49,601 - utils.py[line:134]:  50	0.99700		1.00000		0.73975		0.88600
2022-06-06 11:14:57,511 - utils.py[line:134]:  51	0.99700		1.00000		0.71350		0.87275
2022-06-06 11:15:05,635 - utils.py[line:134]:  52	0.99700		1.00000		0.73250		0.88475
2022-06-06 11:15:13,774 - utils.py[line:134]:  53	0.99500		0.99900		0.70525		0.86575
2022-06-06 11:15:22,132 - utils.py[line:134]:  54	0.99700		1.00000		0.74575		0.88400
2022-06-06 11:15:30,430 - utils.py[line:134]:  55	0.99700		1.00000		0.73750		0.87650
2022-06-06 11:15:38,893 - utils.py[line:134]:  56	0.99700		1.00000		0.75300		0.89100
2022-06-06 11:15:47,576 - utils.py[line:134]:  57	0.99700		1.00000		0.75525		0.89325
2022-06-06 11:15:55,857 - utils.py[line:134]:  58	0.99400		1.00000		0.71500		0.87350
2022-06-06 11:16:04,254 - utils.py[line:134]:  59	0.99700		1.00000		0.73625		0.89025
2022-06-06 11:16:12,406 - utils.py[line:134]:  60	0.99700		1.00000		0.74950		0.89225
2022-06-06 11:16:20,758 - utils.py[line:134]:  61	0.99600		1.00000		0.71950		0.87650
2022-06-06 11:16:28,864 - utils.py[line:134]:  62	0.99700		1.00000		0.74950		0.89375
2022-06-06 11:16:37,044 - utils.py[line:134]:  63	0.99700		1.00000		0.74750		0.89475
2022-06-06 11:16:45,231 - utils.py[line:134]:  64	0.99700		1.00000		0.72625		0.88275
2022-06-06 11:16:53,012 - utils.py[line:134]:  65	0.99700		1.00000		0.74425		0.88900
2022-06-06 11:17:01,265 - utils.py[line:134]:  66	0.99600		1.00000		0.70075		0.86525
2022-06-06 11:17:09,471 - utils.py[line:134]:  67	0.99700		1.00000		0.74700		0.89075
2022-06-06 11:17:17,596 - utils.py[line:134]:  68	0.99700		1.00000		0.72025		0.87800
2022-06-06 11:17:25,631 - utils.py[line:134]:  69	0.99700		1.00000		0.72875		0.87400
2022-06-06 11:17:33,890 - utils.py[line:134]:  70	0.99600		0.99900		0.73425		0.88300
2022-06-06 11:17:41,727 - utils.py[line:134]:  71	0.99700		1.00000		0.71725		0.86300
2022-06-06 11:17:50,176 - utils.py[line:134]:  72	0.99700		1.00000		0.75550		0.89300
2022-06-06 11:17:58,352 - utils.py[line:134]:  73	0.99700		1.00000		0.74475		0.88450
2022-06-06 11:18:06,819 - utils.py[line:134]:  74	0.99700		1.00000		0.75975		0.89175
2022-06-06 11:18:15,138 - utils.py[line:134]:  75	0.99600		1.00000		0.73025		0.86450
2022-06-06 11:18:23,122 - utils.py[line:134]:  76	0.99700		1.00000		0.73900		0.87825
2022-06-06 11:18:31,111 - utils.py[line:134]:  77	0.99700		1.00000		0.72175		0.86550
2022-06-06 11:18:39,335 - utils.py[line:134]:  78	0.99700		1.00000		0.73275		0.87300
2022-06-06 11:18:47,833 - utils.py[line:134]:  79	0.99700		1.00000		0.73925		0.88550
2022-06-06 11:18:55,748 - utils.py[line:134]:  80	0.99700		1.00000		0.74975		0.88550
2022-06-06 11:19:03,408 - utils.py[line:134]:  81	0.99700		1.00000		0.74375		0.88200
2022-06-06 11:19:11,149 - utils.py[line:134]:  82	0.99700		1.00000		0.75075		0.89150
2022-06-06 11:19:19,235 - utils.py[line:134]:  83	0.99700		1.00000		0.72575		0.87375
2022-06-06 11:19:27,178 - utils.py[line:134]:  84	0.99600		1.00000		0.68975		0.85925
2022-06-06 11:19:35,377 - utils.py[line:134]:  85	0.99600		1.00000		0.71400		0.86625
2022-06-06 11:19:43,433 - utils.py[line:134]:  86	0.99700		1.00000		0.75025		0.88800
2022-06-06 11:19:51,419 - utils.py[line:134]:  87	0.99700		1.00000		0.75275		0.89275
2022-06-06 11:19:59,846 - utils.py[line:134]:  88	0.99700		1.00000		0.70425		0.85950
2022-06-06 11:20:07,994 - utils.py[line:134]:  89	0.99700		1.00000		0.74400		0.87725
2022-06-06 11:20:16,231 - utils.py[line:134]:  90	0.99700		1.00000		0.75225		0.88775
2022-06-06 11:20:24,448 - utils.py[line:134]:  91	0.99700		1.00000		0.70650		0.86975
2022-06-06 11:20:32,247 - utils.py[line:134]:  92	0.99700		1.00000		0.65925		0.85425
2022-06-06 11:20:40,574 - utils.py[line:134]:  93	0.99700		1.00000		0.73725		0.88850
2022-06-06 11:20:48,917 - utils.py[line:134]:  94	0.99700		1.00000		0.74125		0.88700
2022-06-06 11:20:57,148 - utils.py[line:134]:  95	0.99300		1.00000		0.71625		0.87175
2022-06-06 11:21:05,223 - utils.py[line:134]:  96	0.99700		1.00000		0.74450		0.88825
2022-06-06 11:21:13,152 - utils.py[line:134]:  97	0.99700		1.00000		0.73225		0.87475
2022-06-06 11:21:21,272 - utils.py[line:134]:  98	0.99700		1.00000		0.75550		0.89325
2022-06-06 11:21:29,014 - utils.py[line:134]:  99	0.99700		1.00000		0.74925		0.89300
2022-06-06 11:21:37,410 - utils.py[line:134]: 100	0.99700		1.00000		0.74775		0.89175
2022-06-06 11:21:45,365 - utils.py[line:134]: 101	0.99700		1.00000		0.73300		0.88000
2022-06-06 11:21:53,759 - utils.py[line:134]: 102	0.99600		1.00000		0.71650		0.87150
2022-06-06 11:22:01,811 - utils.py[line:134]: 103	0.99700		1.00000		0.71800		0.86275
2022-06-06 11:22:09,898 - utils.py[line:134]: 104	0.99600		1.00000		0.72150		0.86775
2022-06-06 11:22:17,997 - utils.py[line:134]: 105	0.99700		1.00000		0.73500		0.88200
2022-06-06 11:22:26,165 - utils.py[line:134]: 106	0.99700		1.00000		0.72150		0.87350
2022-06-06 11:22:34,396 - utils.py[line:134]: 107	0.99700		1.00000		0.71625		0.87275
2022-06-06 11:22:42,378 - utils.py[line:134]: 108	0.99700		1.00000		0.73400		0.88200
2022-06-06 11:22:50,792 - utils.py[line:134]: 109	0.99700		1.00000		0.74525		0.88175
2022-06-06 11:22:59,058 - utils.py[line:134]: 110	0.99700		1.00000		0.74925		0.88375
2022-06-06 11:23:07,127 - utils.py[line:134]: 111	0.99700		1.00000		0.74125		0.87650
2022-06-06 11:23:15,338 - utils.py[line:134]: 112	0.99700		1.00000		0.73975		0.87950
2022-06-06 11:23:23,760 - utils.py[line:134]: 113	0.99700		1.00000		0.74725		0.88900
2022-06-06 11:23:31,774 - utils.py[line:134]: 114	0.99700		1.00000		0.73350		0.88275
2022-06-06 11:23:39,716 - utils.py[line:134]: 115	0.99700		1.00000		0.74825		0.88700
2022-06-06 11:23:47,727 - utils.py[line:134]: 116	0.99700		1.00000		0.73650		0.88150
2022-06-06 11:23:55,855 - utils.py[line:134]: 117	0.99700		1.00000		0.73025		0.88025
2022-06-06 11:24:03,612 - utils.py[line:134]: 118	0.99700		1.00000		0.74425		0.88300
2022-06-06 11:24:11,673 - utils.py[line:134]: 119	0.99700		1.00000		0.71075		0.86450
2022-06-06 11:24:19,888 - utils.py[line:134]: 120	0.99700		1.00000		0.74025		0.88525
2022-06-06 11:24:28,191 - utils.py[line:134]: 121	0.99700		1.00000		0.73975		0.88325
2022-06-06 11:24:36,508 - utils.py[line:134]: 122	0.99700		1.00000		0.74925		0.88300
2022-06-06 11:24:44,784 - utils.py[line:134]: 123	0.99700		1.00000		0.73675		0.88050
2022-06-06 11:24:52,642 - utils.py[line:134]: 124	0.99700		1.00000		0.72825		0.86950
2022-06-06 11:25:00,562 - utils.py[line:134]: 125	0.99700		1.00000		0.75375		0.88800
2022-06-06 11:25:08,460 - utils.py[line:134]: 126	0.99700		1.00000		0.72650		0.87300
2022-06-06 11:25:16,715 - utils.py[line:134]: 127	0.99700		1.00000		0.74175		0.89100
2022-06-06 11:25:24,756 - utils.py[line:134]: 128	0.99700		1.00000		0.75375		0.89575
2022-06-06 11:25:33,101 - utils.py[line:134]: 129	0.99700		1.00000		0.70750		0.87250
2022-06-06 11:25:41,077 - utils.py[line:134]: 130	0.99700		1.00000		0.75150		0.89450
2022-06-06 11:25:49,260 - utils.py[line:134]: 131	0.99700		1.00000		0.73425		0.87575
2022-06-06 11:25:57,410 - utils.py[line:134]: 132	0.99600		1.00000		0.73475		0.88150
2022-06-06 11:26:05,813 - utils.py[line:134]: 133	0.99700		1.00000		0.71000		0.86650
2022-06-06 11:26:13,795 - utils.py[line:134]: 134	0.99700		1.00000		0.72300		0.87400
2022-06-06 11:26:22,039 - utils.py[line:134]: 135	0.99700		1.00000		0.73050		0.87775
2022-06-06 11:26:30,175 - utils.py[line:134]: 136	0.99700		1.00000		0.73300		0.87775
2022-06-06 11:26:38,169 - utils.py[line:134]: 137	0.99700		1.00000		0.74825		0.88750
2022-06-06 11:26:46,292 - utils.py[line:134]: 138	0.99700		1.00000		0.74275		0.87650
2022-06-06 11:26:54,009 - utils.py[line:134]: 139	0.99700		1.00000		0.75250		0.89000
2022-06-06 11:27:02,145 - utils.py[line:134]: 140	0.99700		1.00000		0.75225		0.89075
2022-06-06 11:27:10,171 - utils.py[line:134]: 141	0.99700		1.00000		0.75850		0.89175
2022-06-06 11:27:18,297 - utils.py[line:134]: 142	0.99700		1.00000		0.75225		0.88750
2022-06-06 11:27:26,405 - utils.py[line:134]: 143	0.99700		1.00000		0.75575		0.89425
2022-06-06 11:27:34,151 - utils.py[line:134]: 144	0.99700		1.00000		0.74950		0.89600
2022-06-06 11:27:42,336 - utils.py[line:134]: 145	0.99700		1.00000		0.73925		0.88200
2022-06-06 11:27:50,298 - utils.py[line:134]: 146	0.99700		1.00000		0.74150		0.88075
2022-06-06 11:27:59,056 - utils.py[line:134]: 147	0.99700		1.00000		0.76000		0.88850
2022-06-06 11:28:06,843 - utils.py[line:134]: 148	0.99500		1.00000		0.73525		0.88050
2022-06-06 11:28:15,040 - utils.py[line:134]: 149	0.99700		1.00000		0.75100		0.88250
2022-06-06 11:28:23,241 - utils.py[line:134]: 150	0.99700		1.00000		0.74625		0.88250
2022-06-06 11:28:31,409 - utils.py[line:134]: 151	0.99600		1.00000		0.74800		0.88750
2022-06-06 11:28:39,673 - utils.py[line:134]: 152	0.99700		1.00000		0.74575		0.88325
2022-06-06 11:28:48,088 - utils.py[line:134]: 153	0.99700		1.00000		0.72800		0.87525
2022-06-06 11:28:56,195 - utils.py[line:134]: 154	0.99700		1.00000		0.74625		0.88350
2022-06-06 11:29:04,605 - utils.py[line:134]: 155	0.99700		1.00000		0.74975		0.88600
2022-06-06 11:29:12,218 - utils.py[line:134]: 156	0.99700		1.00000		0.73300		0.87700
2022-06-06 11:29:20,333 - utils.py[line:134]: 157	0.99600		1.00000		0.74450		0.88650
2022-06-06 11:29:28,392 - utils.py[line:134]: 158	0.99700		1.00000		0.75425		0.89200
2022-06-06 11:29:36,516 - utils.py[line:134]: 159	0.99700		1.00000		0.74200		0.88325
2022-06-06 11:29:44,731 - utils.py[line:134]: 160	0.99700		1.00000		0.75850		0.89125
2022-06-06 11:29:53,669 - utils.py[line:134]: 161	0.99700		1.00000		0.76375		0.89350
2022-06-06 11:30:01,709 - utils.py[line:134]: 162	0.99700		1.00000		0.72825		0.87200
2022-06-06 11:30:09,767 - utils.py[line:134]: 163	0.99700		1.00000		0.74000		0.88375
2022-06-06 11:30:17,721 - utils.py[line:134]: 164	0.99600		1.00000		0.65825		0.85150
2022-06-06 11:30:25,773 - utils.py[line:134]: 165	0.99700		1.00000		0.73600		0.87200
2022-06-06 11:30:33,835 - utils.py[line:134]: 166	0.99700		1.00000		0.73575		0.88525
2022-06-06 11:30:42,251 - utils.py[line:134]: 167	0.99700		1.00000		0.74850		0.88450
2022-06-06 11:30:50,545 - utils.py[line:134]: 168	0.99700		1.00000		0.75725		0.89225
2022-06-06 11:30:58,883 - utils.py[line:134]: 169	0.99700		1.00000		0.74825		0.88750
2022-06-06 11:31:07,188 - utils.py[line:134]: 170	0.99700		1.00000		0.75200		0.88325
2022-06-06 11:31:15,303 - utils.py[line:134]: 171	0.99700		1.00000		0.74275		0.88575
2022-06-06 11:31:23,432 - utils.py[line:134]: 172	0.99700		1.00000		0.73450		0.88275
2022-06-06 11:31:31,477 - utils.py[line:134]: 173	0.99700		1.00000		0.74475		0.88425
2022-06-06 11:31:39,952 - utils.py[line:134]: 174	0.99700		1.00000		0.74350		0.88775
2022-06-06 11:31:48,221 - utils.py[line:134]: 175	0.99700		1.00000		0.74650		0.87975
2022-06-06 11:31:56,276 - utils.py[line:134]: 176	0.99700		1.00000		0.71350		0.86850
2022-06-06 11:32:04,790 - utils.py[line:134]: 177	0.99700		1.00000		0.75350		0.88450
2022-06-06 11:32:13,320 - utils.py[line:134]: 178	0.99700		1.00000		0.75775		0.88225
2022-06-06 11:32:21,827 - utils.py[line:134]: 179	0.99700		1.00000		0.75700		0.88750
2022-06-06 11:32:29,965 - utils.py[line:134]: 180	0.99700		1.00000		0.74425		0.87425
2022-06-06 11:32:38,342 - utils.py[line:134]: 181	0.99700		1.00000		0.71525		0.85675
2022-06-06 11:32:46,536 - utils.py[line:134]: 182	0.99700		1.00000		0.73325		0.87250
2022-06-06 11:32:54,505 - utils.py[line:134]: 183	0.99700		1.00000		0.74100		0.87550
2022-06-06 11:33:02,672 - utils.py[line:134]: 184	0.99700		1.00000		0.71475		0.86225
2022-06-06 11:33:10,914 - utils.py[line:134]: 185	0.99700		1.00000		0.70875		0.86825
2022-06-06 11:33:19,065 - utils.py[line:134]: 186	0.99700		1.00000		0.73350		0.87450
2022-06-06 11:33:27,310 - utils.py[line:134]: 187	0.99700		1.00000		0.73950		0.87625
2022-06-06 11:33:35,794 - utils.py[line:134]: 188	0.99600		1.00000		0.73200		0.87725
2022-06-06 11:33:44,424 - utils.py[line:134]: 189	0.99700		1.00000		0.72725		0.87300
2022-06-06 11:33:52,759 - utils.py[line:134]: 190	0.99700		1.00000		0.75050		0.88225
2022-06-06 11:34:00,951 - utils.py[line:134]: 191	0.99700		1.00000		0.75025		0.88150
2022-06-06 11:34:08,963 - utils.py[line:134]: 192	0.99500		1.00000		0.72325		0.86875
2022-06-06 11:34:17,219 - utils.py[line:134]: 193	0.99700		1.00000		0.73875		0.88200
2022-06-06 11:34:25,120 - utils.py[line:134]: 194	0.99700		1.00000		0.73725		0.87075
2022-06-06 11:34:33,309 - utils.py[line:134]: 195	0.99700		1.00000		0.75025		0.88425
2022-06-06 11:34:41,527 - utils.py[line:134]: 196	0.99700		1.00000		0.74725		0.88225
2022-06-06 11:34:50,025 - utils.py[line:134]: 197	0.99700		1.00000		0.74700		0.88225
2022-06-06 11:34:58,419 - utils.py[line:134]: 198	0.99700		1.00000		0.74875		0.87975
2022-06-06 11:35:06,576 - utils.py[line:134]: 199	0.99700		1.00000		0.75900		0.88725
2022-06-06 11:35:14,952 - utils.py[line:134]: 200	0.99700		1.00000		0.74850		0.87550
2022-06-06 11:35:14,954 - utils.py[line:136]: Best test top1 accuracy is 0.76375 at epoch 161
