2022-06-06 10:16:21,155 - main.py[line:74]: Loading the data...
2022-06-06 10:16:34,430 - main.py[line:81]: Finish data loading.
2022-06-06 10:16:37,967 - utils.py[line:114]: Epoch	Train top1	Train top5	Test top1	Test top5	
2022-06-06 10:16:44,226 - utils.py[line:134]:   1	0.04000		0.13500		0.01325		0.05200
2022-06-06 10:16:50,070 - utils.py[line:134]:   2	0.49000		0.63000		0.06000		0.14975
2022-06-06 10:16:56,214 - utils.py[line:134]:   3	0.84500		0.93500		0.13075		0.23925
2022-06-06 10:17:02,234 - utils.py[line:134]:   4	0.96500		0.99000		0.16675		0.28650
2022-06-06 10:17:07,936 - utils.py[line:134]:   5	0.99500		1.00000		0.20525		0.33250
2022-06-06 10:17:13,619 - utils.py[line:134]:   6	0.99500		1.00000		0.22625		0.35650
2022-06-06 10:17:18,932 - utils.py[line:134]:   7	0.99500		1.00000		0.25850		0.38625
2022-06-06 10:17:24,776 - utils.py[line:134]:   8	0.99500		1.00000		0.26375		0.39625
2022-06-06 10:17:30,498 - utils.py[line:134]:   9	0.99500		1.00000		0.27700		0.43175
2022-06-06 10:17:36,613 - utils.py[line:134]:  10	0.99500		1.00000		0.28100		0.43450
2022-06-06 10:17:42,013 - utils.py[line:134]:  11	0.99500		1.00000		0.29725		0.43825
2022-06-06 10:17:48,104 - utils.py[line:134]:  12	0.99500		1.00000		0.30325		0.44575
2022-06-06 10:17:53,472 - utils.py[line:134]:  13	0.99500		1.00000		0.30125		0.45375
2022-06-06 10:17:59,126 - utils.py[line:134]:  14	0.99500		1.00000		0.30700		0.45850
2022-06-06 10:18:04,854 - utils.py[line:134]:  15	0.99500		1.00000		0.30875		0.47325
2022-06-06 10:18:10,862 - utils.py[line:134]:  16	0.99500		1.00000		0.31575		0.46800
2022-06-06 10:18:16,075 - utils.py[line:134]:  17	0.99500		1.00000		0.30275		0.46150
2022-06-06 10:18:21,154 - utils.py[line:134]:  18	0.99500		1.00000		0.30875		0.46400
2022-06-06 10:18:26,195 - utils.py[line:134]:  19	0.99500		1.00000		0.30200		0.46950
2022-06-06 10:18:31,476 - utils.py[line:134]:  20	0.99500		1.00000		0.30750		0.46850
2022-06-06 10:18:36,377 - utils.py[line:134]:  21	0.99500		1.00000		0.24550		0.46150
2022-06-06 10:18:41,204 - utils.py[line:134]:  22	0.99500		1.00000		0.31575		0.48875
2022-06-06 10:18:46,526 - utils.py[line:134]:  23	0.99500		1.00000		0.27725		0.46675
2022-06-06 10:18:52,045 - utils.py[line:134]:  24	0.99500		1.00000		0.25675		0.45325
2022-06-06 10:18:56,973 - utils.py[line:134]:  25	0.99500		1.00000		0.31000		0.47775
2022-06-06 10:19:01,845 - utils.py[line:134]:  26	0.99500		1.00000		0.24400		0.47475
2022-06-06 10:19:06,722 - utils.py[line:134]:  27	0.99500		1.00000		0.30975		0.47775
2022-06-06 10:19:12,321 - utils.py[line:134]:  28	0.99500		1.00000		0.27150		0.46300
2022-06-06 10:19:17,369 - utils.py[line:134]:  29	0.99500		1.00000		0.28975		0.47600
2022-06-06 10:19:22,629 - utils.py[line:134]:  30	0.99500		1.00000		0.29550		0.47150
2022-06-06 10:19:27,887 - utils.py[line:134]:  31	0.99500		1.00000		0.28875		0.47775
2022-06-06 10:19:33,006 - utils.py[line:134]:  32	0.99500		1.00000		0.28250		0.48225
2022-06-06 10:19:38,307 - utils.py[line:134]:  33	0.99500		1.00000		0.25500		0.48075
2022-06-06 10:19:44,275 - utils.py[line:134]:  34	0.99500		1.00000		0.33325		0.50400
2022-06-06 10:19:49,616 - utils.py[line:134]:  35	0.99500		1.00000		0.24425		0.48550
2022-06-06 10:19:55,127 - utils.py[line:134]:  36	0.99500		1.00000		0.29350		0.48625
2022-06-06 10:20:00,171 - utils.py[line:134]:  37	0.99500		1.00000		0.26675		0.48875
2022-06-06 10:20:05,686 - utils.py[line:134]:  38	0.99500		1.00000		0.20025		0.47200
2022-06-06 10:20:11,033 - utils.py[line:134]:  39	0.99500		1.00000		0.22100		0.46625
2022-06-06 10:20:16,229 - utils.py[line:134]:  40	0.99500		1.00000		0.24625		0.46300
2022-06-06 10:20:21,470 - utils.py[line:134]:  41	0.99500		1.00000		0.19650		0.47575
2022-06-06 10:20:26,690 - utils.py[line:134]:  42	0.99500		1.00000		0.23600		0.49300
2022-06-06 10:20:32,164 - utils.py[line:134]:  43	0.99500		1.00000		0.25625		0.48825
2022-06-06 10:20:37,785 - utils.py[line:134]:  44	0.99500		1.00000		0.22175		0.46200
2022-06-06 10:20:43,189 - utils.py[line:134]:  45	0.99500		1.00000		0.23775		0.47250
2022-06-06 10:20:48,415 - utils.py[line:134]:  46	0.99500		1.00000		0.21525		0.47500
2022-06-06 10:20:53,955 - utils.py[line:134]:  47	0.99500		1.00000		0.22475		0.46925
2022-06-06 10:20:58,792 - utils.py[line:134]:  48	0.99500		1.00000		0.25775		0.48525
2022-06-06 10:21:04,033 - utils.py[line:134]:  49	0.99500		1.00000		0.30375		0.48750
2022-06-06 10:21:09,348 - utils.py[line:134]:  50	0.99500		1.00000		0.26450		0.49725
2022-06-06 10:21:14,211 - utils.py[line:134]:  51	0.99500		1.00000		0.27400		0.46375
2022-06-06 10:21:19,528 - utils.py[line:134]:  52	0.99500		1.00000		0.21775		0.49000
2022-06-06 10:21:25,140 - utils.py[line:134]:  53	0.99500		1.00000		0.22925		0.48150
2022-06-06 10:21:30,449 - utils.py[line:134]:  54	0.99500		1.00000		0.25700		0.48200
2022-06-06 10:21:35,868 - utils.py[line:134]:  55	0.99500		1.00000		0.23975		0.47925
2022-06-06 10:21:40,657 - utils.py[line:134]:  56	0.99500		1.00000		0.24675		0.44225
2022-06-06 10:21:46,150 - utils.py[line:134]:  57	0.99500		1.00000		0.27925		0.49275
2022-06-06 10:21:51,594 - utils.py[line:134]:  58	0.99500		1.00000		0.23675		0.48325
2022-06-06 10:21:56,559 - utils.py[line:134]:  59	0.99500		1.00000		0.29475		0.48925
2022-06-06 10:22:01,551 - utils.py[line:134]:  60	0.99500		1.00000		0.29125		0.49100
2022-06-06 10:22:06,940 - utils.py[line:134]:  61	0.99500		1.00000		0.28350		0.48100
2022-06-06 10:22:12,188 - utils.py[line:134]:  62	0.99500		1.00000		0.30200		0.49125
2022-06-06 10:22:17,498 - utils.py[line:134]:  63	0.99500		1.00000		0.26775		0.48900
2022-06-06 10:22:22,365 - utils.py[line:134]:  64	0.99500		1.00000		0.27575		0.47725
2022-06-06 10:22:27,232 - utils.py[line:134]:  65	0.99500		1.00000		0.27200		0.47525
2022-06-06 10:22:32,349 - utils.py[line:134]:  66	0.99500		1.00000		0.28075		0.48525
2022-06-06 10:22:37,721 - utils.py[line:134]:  67	0.99500		1.00000		0.30325		0.48525
2022-06-06 10:22:42,992 - utils.py[line:134]:  68	0.99500		1.00000		0.26750		0.48000
2022-06-06 10:22:48,173 - utils.py[line:134]:  69	0.99500		1.00000		0.29775		0.49750
2022-06-06 10:22:54,006 - utils.py[line:134]:  70	0.99500		1.00000		0.34200		0.51575
2022-06-06 10:22:59,590 - utils.py[line:134]:  71	0.99500		1.00000		0.34525		0.49800
2022-06-06 10:23:04,626 - utils.py[line:134]:  72	0.99500		1.00000		0.31100		0.47875
2022-06-06 10:23:09,984 - utils.py[line:134]:  73	0.99500		1.00000		0.28125		0.46075
2022-06-06 10:23:14,930 - utils.py[line:134]:  74	0.99500		1.00000		0.19575		0.46800
2022-06-06 10:23:20,410 - utils.py[line:134]:  75	0.99500		1.00000		0.29875		0.47950
2022-06-06 10:23:25,618 - utils.py[line:134]:  76	0.99500		1.00000		0.23850		0.46600
2022-06-06 10:23:30,883 - utils.py[line:134]:  77	0.99500		1.00000		0.28150		0.47700
2022-06-06 10:23:36,165 - utils.py[line:134]:  78	0.99500		1.00000		0.25475		0.46050
2022-06-06 10:23:41,568 - utils.py[line:134]:  79	0.99500		1.00000		0.26475		0.48125
2022-06-06 10:23:46,417 - utils.py[line:134]:  80	0.99500		1.00000		0.25825		0.48350
2022-06-06 10:23:51,883 - utils.py[line:134]:  81	0.99500		1.00000		0.28400		0.48700
2022-06-06 10:23:57,205 - utils.py[line:134]:  82	0.99500		1.00000		0.29750		0.50000
2022-06-06 10:24:02,657 - utils.py[line:134]:  83	0.99500		1.00000		0.28950		0.49100
2022-06-06 10:24:07,862 - utils.py[line:134]:  84	0.99500		1.00000		0.33075		0.50050
2022-06-06 10:24:13,294 - utils.py[line:134]:  85	0.99500		1.00000		0.33975		0.49625
2022-06-06 10:24:19,365 - utils.py[line:134]:  86	0.99500		1.00000		0.35300		0.50875
2022-06-06 10:24:24,532 - utils.py[line:134]:  87	0.99500		1.00000		0.35175		0.50800
2022-06-06 10:24:29,797 - utils.py[line:134]:  88	0.99500		1.00000		0.33050		0.48950
2022-06-06 10:24:35,182 - utils.py[line:134]:  89	0.99500		1.00000		0.34600		0.50850
2022-06-06 10:24:40,603 - utils.py[line:134]:  90	0.99500		1.00000		0.34200		0.50375
2022-06-06 10:24:46,159 - utils.py[line:134]:  91	0.99500		1.00000		0.34025		0.49475
2022-06-06 10:24:51,719 - utils.py[line:134]:  92	0.99500		1.00000		0.35300		0.49850
2022-06-06 10:24:56,825 - utils.py[line:134]:  93	0.99500		1.00000		0.33800		0.48550
2022-06-06 10:25:02,109 - utils.py[line:134]:  94	0.99500		1.00000		0.34650		0.49875
2022-06-06 10:25:08,002 - utils.py[line:134]:  95	0.99500		1.00000		0.36200		0.51150
2022-06-06 10:25:13,422 - utils.py[line:134]:  96	0.99500		1.00000		0.35750		0.51875
2022-06-06 10:25:19,271 - utils.py[line:134]:  97	0.99500		1.00000		0.37375		0.51900
2022-06-06 10:25:24,534 - utils.py[line:134]:  98	0.99500		1.00000		0.37350		0.52150
2022-06-06 10:25:29,956 - utils.py[line:134]:  99	0.99500		1.00000		0.35300		0.50450
2022-06-06 10:25:35,045 - utils.py[line:134]: 100	0.99500		1.00000		0.35150		0.50500
2022-06-06 10:25:39,938 - utils.py[line:134]: 101	0.99500		1.00000		0.37000		0.52175
2022-06-06 10:25:44,964 - utils.py[line:134]: 102	0.99500		1.00000		0.34100		0.51100
2022-06-06 10:25:50,313 - utils.py[line:134]: 103	0.99500		1.00000		0.31250		0.48725
2022-06-06 10:25:55,679 - utils.py[line:134]: 104	0.99500		1.00000		0.34200		0.50100
2022-06-06 10:26:00,644 - utils.py[line:134]: 105	0.99500		1.00000		0.36300		0.52500
2022-06-06 10:26:05,637 - utils.py[line:134]: 106	0.99500		1.00000		0.35875		0.51700
2022-06-06 10:26:10,788 - utils.py[line:134]: 107	0.99500		1.00000		0.36700		0.52575
2022-06-06 10:26:16,135 - utils.py[line:134]: 108	0.99500		1.00000		0.37275		0.53250
2022-06-06 10:26:22,013 - utils.py[line:134]: 109	0.99500		1.00000		0.37450		0.52475
2022-06-06 10:26:27,061 - utils.py[line:134]: 110	0.99500		1.00000		0.37150		0.52000
2022-06-06 10:26:32,296 - utils.py[line:134]: 111	0.99500		1.00000		0.36350		0.51525
2022-06-06 10:26:38,168 - utils.py[line:134]: 112	0.99500		1.00000		0.37575		0.52775
2022-06-06 10:26:43,806 - utils.py[line:134]: 113	0.99500		1.00000		0.38000		0.53050
2022-06-06 10:26:49,594 - utils.py[line:134]: 114	0.99500		1.00000		0.38025		0.53350
2022-06-06 10:26:55,148 - utils.py[line:134]: 115	0.99500		1.00000		0.37150		0.52825
2022-06-06 10:27:00,134 - utils.py[line:134]: 116	0.99500		1.00000		0.36675		0.52275
2022-06-06 10:27:05,640 - utils.py[line:134]: 117	0.99500		1.00000		0.34650		0.50425
2022-06-06 10:27:10,872 - utils.py[line:134]: 118	0.99500		1.00000		0.35975		0.50700
2022-06-06 10:27:16,232 - utils.py[line:134]: 119	0.99500		1.00000		0.37350		0.53025
2022-06-06 10:27:21,634 - utils.py[line:134]: 120	0.99500		1.00000		0.35850		0.51550
2022-06-06 10:27:26,910 - utils.py[line:134]: 121	0.99500		1.00000		0.34750		0.52150
2022-06-06 10:27:32,379 - utils.py[line:134]: 122	0.99500		1.00000		0.36625		0.52475
2022-06-06 10:27:37,387 - utils.py[line:134]: 123	0.99500		1.00000		0.35225		0.51675
2022-06-06 10:27:42,847 - utils.py[line:134]: 124	0.99500		1.00000		0.36375		0.52000
2022-06-06 10:27:47,903 - utils.py[line:134]: 125	0.99500		1.00000		0.35675		0.51825
2022-06-06 10:27:53,266 - utils.py[line:134]: 126	0.99500		1.00000		0.34825		0.50575
2022-06-06 10:27:58,297 - utils.py[line:134]: 127	0.99500		1.00000		0.35725		0.52650
2022-06-06 10:28:03,246 - utils.py[line:134]: 128	0.99500		1.00000		0.35425		0.52150
2022-06-06 10:28:08,825 - utils.py[line:134]: 129	0.99500		1.00000		0.36750		0.52225
2022-06-06 10:28:13,753 - utils.py[line:134]: 130	0.99500		1.00000		0.36900		0.54225
2022-06-06 10:28:19,308 - utils.py[line:134]: 131	0.99500		1.00000		0.37650		0.54300
2022-06-06 10:28:24,400 - utils.py[line:134]: 132	0.99500		1.00000		0.35775		0.52425
2022-06-06 10:28:29,792 - utils.py[line:134]: 133	0.99500		1.00000		0.37425		0.54800
2022-06-06 10:28:34,859 - utils.py[line:134]: 134	0.99500		1.00000		0.37700		0.55525
2022-06-06 10:28:39,868 - utils.py[line:134]: 135	0.99500		1.00000		0.37625		0.54850
2022-06-06 10:28:45,331 - utils.py[line:134]: 136	0.99500		1.00000		0.35500		0.53225
2022-06-06 10:28:50,811 - utils.py[line:134]: 137	0.99500		1.00000		0.37350		0.54650
2022-06-06 10:28:56,183 - utils.py[line:134]: 138	0.99500		1.00000		0.37625		0.54900
2022-06-06 10:29:01,369 - utils.py[line:134]: 139	0.99500		1.00000		0.37950		0.55050
2022-06-06 10:29:07,277 - utils.py[line:134]: 140	0.99500		1.00000		0.38150		0.54650
2022-06-06 10:29:12,803 - utils.py[line:134]: 141	0.99500		1.00000		0.38450		0.54600
2022-06-06 10:29:18,086 - utils.py[line:134]: 142	0.99500		1.00000		0.37500		0.53450
2022-06-06 10:29:23,208 - utils.py[line:134]: 143	0.99500		1.00000		0.36550		0.53400
2022-06-06 10:29:28,390 - utils.py[line:134]: 144	0.99500		1.00000		0.37975		0.54250
2022-06-06 10:29:33,712 - utils.py[line:134]: 145	0.99500		1.00000		0.37950		0.54225
2022-06-06 10:29:38,863 - utils.py[line:134]: 146	0.99500		1.00000		0.37975		0.55100
2022-06-06 10:29:44,525 - utils.py[line:134]: 147	0.99500		1.00000		0.38500		0.54175
2022-06-06 10:29:50,005 - utils.py[line:134]: 148	0.99500		1.00000		0.38150		0.54475
2022-06-06 10:29:54,881 - utils.py[line:134]: 149	0.99500		1.00000		0.37500		0.54925
2022-06-06 10:30:00,463 - utils.py[line:134]: 150	0.99500		1.00000		0.37575		0.54275
2022-06-06 10:30:05,959 - utils.py[line:134]: 151	0.99500		1.00000		0.37650		0.53800
2022-06-06 10:30:11,549 - utils.py[line:134]: 152	0.99500		1.00000		0.35450		0.53275
2022-06-06 10:30:16,859 - utils.py[line:134]: 153	0.99500		1.00000		0.35200		0.52350
2022-06-06 10:30:22,103 - utils.py[line:134]: 154	0.99500		1.00000		0.36600		0.53525
2022-06-06 10:30:27,482 - utils.py[line:134]: 155	0.99500		1.00000		0.36425		0.53325
2022-06-06 10:30:32,852 - utils.py[line:134]: 156	0.99500		1.00000		0.36850		0.52400
2022-06-06 10:30:38,154 - utils.py[line:134]: 157	0.99500		1.00000		0.35200		0.51425
2022-06-06 10:30:43,334 - utils.py[line:134]: 158	0.99500		1.00000		0.37050		0.53375
2022-06-06 10:30:48,309 - utils.py[line:134]: 159	0.99500		1.00000		0.37600		0.54400
2022-06-06 10:30:53,752 - utils.py[line:134]: 160	0.99500		1.00000		0.37775		0.54200
2022-06-06 10:30:58,962 - utils.py[line:134]: 161	0.99500		1.00000		0.37050		0.53200
2022-06-06 10:31:04,360 - utils.py[line:134]: 162	0.99500		1.00000		0.36850		0.51525
2022-06-06 10:31:09,773 - utils.py[line:134]: 163	0.99500		1.00000		0.36650		0.53600
2022-06-06 10:31:15,117 - utils.py[line:134]: 164	0.99500		1.00000		0.36825		0.53925
2022-06-06 10:31:20,413 - utils.py[line:134]: 165	0.99500		1.00000		0.37650		0.54075
2022-06-06 10:31:25,695 - utils.py[line:134]: 166	0.99500		1.00000		0.36925		0.53825
2022-06-06 10:31:31,230 - utils.py[line:134]: 167	0.99500		1.00000		0.37925		0.54500
2022-06-06 10:31:36,244 - utils.py[line:134]: 168	0.99500		1.00000		0.38150		0.53725
2022-06-06 10:31:41,297 - utils.py[line:134]: 169	0.99500		1.00000		0.36450		0.52900
2022-06-06 10:31:46,743 - utils.py[line:134]: 170	0.99500		1.00000		0.35725		0.52350
2022-06-06 10:31:52,213 - utils.py[line:134]: 171	0.99500		1.00000		0.35575		0.52325
2022-06-06 10:31:57,356 - utils.py[line:134]: 172	0.99500		1.00000		0.35925		0.52550
2022-06-06 10:32:02,739 - utils.py[line:134]: 173	0.99500		1.00000		0.35750		0.52875
2022-06-06 10:32:08,046 - utils.py[line:134]: 174	0.99500		1.00000		0.37375		0.55125
2022-06-06 10:32:13,568 - utils.py[line:134]: 175	0.99500		1.00000		0.36075		0.51950
2022-06-06 10:32:18,956 - utils.py[line:134]: 176	0.99500		1.00000		0.36675		0.54150
2022-06-06 10:32:24,466 - utils.py[line:134]: 177	0.99500		1.00000		0.38500		0.54950
2022-06-06 10:32:29,770 - utils.py[line:134]: 178	0.99500		1.00000		0.36525		0.53600
2022-06-06 10:32:35,070 - utils.py[line:134]: 179	0.99500		1.00000		0.36800		0.54050
2022-06-06 10:32:40,265 - utils.py[line:134]: 180	0.99500		1.00000		0.36800		0.54050
2022-06-06 10:32:45,604 - utils.py[line:134]: 181	0.99500		1.00000		0.38275		0.55725
2022-06-06 10:32:51,444 - utils.py[line:134]: 182	0.99500		1.00000		0.38925		0.56300
2022-06-06 10:32:56,464 - utils.py[line:134]: 183	0.99500		1.00000		0.38900		0.56075
2022-06-06 10:33:01,473 - utils.py[line:134]: 184	0.99500		1.00000		0.38650		0.55975
2022-06-06 10:33:07,460 - utils.py[line:134]: 185	0.99500		1.00000		0.39650		0.55600
2022-06-06 10:33:13,123 - utils.py[line:134]: 186	0.99500		1.00000		0.40100		0.55675
2022-06-06 10:33:18,627 - utils.py[line:134]: 187	0.99500		1.00000		0.39350		0.55675
2022-06-06 10:33:24,122 - utils.py[line:134]: 188	0.99500		1.00000		0.38875		0.55825
2022-06-06 10:33:29,092 - utils.py[line:134]: 189	0.99500		1.00000		0.37825		0.55625
2022-06-06 10:33:34,143 - utils.py[line:134]: 190	0.99500		1.00000		0.38450		0.55525
2022-06-06 10:33:39,500 - utils.py[line:134]: 191	0.99500		1.00000		0.38450		0.54950
2022-06-06 10:33:44,436 - utils.py[line:134]: 192	0.99500		1.00000		0.38175		0.55300
2022-06-06 10:33:49,834 - utils.py[line:134]: 193	0.99500		1.00000		0.38125		0.53975
2022-06-06 10:33:54,985 - utils.py[line:134]: 194	0.99500		1.00000		0.37700		0.54425
2022-06-06 10:34:00,595 - utils.py[line:134]: 195	0.99500		1.00000		0.36225		0.53275
2022-06-06 10:34:05,603 - utils.py[line:134]: 196	0.99500		1.00000		0.36625		0.53175
2022-06-06 10:34:11,287 - utils.py[line:134]: 197	0.99500		1.00000		0.35050		0.52425
2022-06-06 10:34:16,352 - utils.py[line:134]: 198	0.99500		1.00000		0.35225		0.52350
2022-06-06 10:34:21,651 - utils.py[line:134]: 199	0.99500		1.00000		0.36250		0.53675
2022-06-06 10:34:26,515 - utils.py[line:134]: 200	0.99500		1.00000		0.36500		0.54600
2022-06-06 10:34:26,516 - utils.py[line:136]: Best test top1 accuracy is 0.40100 at epoch 186
