2022-06-06 10:37:11,068 - main.py[line:75]: Load the data...
2022-06-06 10:37:41,205 - main.py[line:82]: Finish data loading.
2022-06-06 10:37:44,606 - utils.py[line:114]: Epoch	Train top1	Train top5	Test top1	Test top5	
2022-06-06 10:37:52,444 - utils.py[line:134]:   1	0.41000		0.63000		0.11750		0.25475
2022-06-06 10:38:00,048 - utils.py[line:134]:   2	0.90333		0.96500		0.36100		0.54125
2022-06-06 10:38:07,326 - utils.py[line:134]:   3	0.97167		0.99833		0.46575		0.63675
2022-06-06 10:38:14,729 - utils.py[line:134]:   4	0.99333		1.00000		0.53650		0.69925
2022-06-06 10:38:22,279 - utils.py[line:134]:   5	0.99667		1.00000		0.57900		0.74275
2022-06-06 10:38:29,702 - utils.py[line:134]:   6	0.99667		1.00000		0.60725		0.76775
2022-06-06 10:38:36,645 - utils.py[line:134]:   7	0.99667		1.00000		0.60625		0.77625
2022-06-06 10:38:44,138 - utils.py[line:134]:   8	0.99667		1.00000		0.61400		0.77575
2022-06-06 10:38:51,068 - utils.py[line:134]:   9	0.99667		1.00000		0.61400		0.77725
2022-06-06 10:38:58,086 - utils.py[line:134]:  10	0.99667		1.00000		0.61125		0.77800
2022-06-06 10:39:05,195 - utils.py[line:134]:  11	0.99500		1.00000		0.61175		0.77850
2022-06-06 10:39:12,100 - utils.py[line:134]:  12	0.99667		1.00000		0.60875		0.77825
2022-06-06 10:39:18,715 - utils.py[line:134]:  13	0.99667		1.00000		0.60475		0.76825
2022-06-06 10:39:25,725 - utils.py[line:134]:  14	0.99667		1.00000		0.59275		0.76550
2022-06-06 10:39:32,521 - utils.py[line:134]:  15	0.99667		1.00000		0.61100		0.77350
2022-06-06 10:39:39,427 - utils.py[line:134]:  16	0.99667		1.00000		0.60625		0.76650
2022-06-06 10:39:46,721 - utils.py[line:134]:  17	0.99667		1.00000		0.61500		0.76925
2022-06-06 10:39:54,003 - utils.py[line:134]:  18	0.99667		1.00000		0.62850		0.78325
2022-06-06 10:40:00,713 - utils.py[line:134]:  19	0.99667		1.00000		0.59675		0.76275
2022-06-06 10:40:07,247 - utils.py[line:134]:  20	0.99667		1.00000		0.60650		0.77375
2022-06-06 10:40:14,732 - utils.py[line:134]:  21	0.99667		1.00000		0.63125		0.78775
2022-06-06 10:40:21,339 - utils.py[line:134]:  22	0.99667		1.00000		0.59575		0.77300
2022-06-06 10:40:28,451 - utils.py[line:134]:  23	0.99667		1.00000		0.61400		0.77775
2022-06-06 10:40:35,259 - utils.py[line:134]:  24	0.99667		1.00000		0.61250		0.77075
2022-06-06 10:40:42,397 - utils.py[line:134]:  25	0.99667		1.00000		0.62250		0.78125
2022-06-06 10:40:49,397 - utils.py[line:134]:  26	0.99667		1.00000		0.60100		0.76600
2022-06-06 10:40:56,241 - utils.py[line:134]:  27	0.99667		1.00000		0.60150		0.76450
2022-06-06 10:41:02,881 - utils.py[line:134]:  28	0.99667		1.00000		0.61325		0.76900
2022-06-06 10:41:10,299 - utils.py[line:134]:  29	0.99667		1.00000		0.63400		0.78050
2022-06-06 10:41:17,449 - utils.py[line:134]:  30	0.99667		1.00000		0.57900		0.74050
2022-06-06 10:41:24,216 - utils.py[line:134]:  31	0.99667		1.00000		0.58250		0.76075
2022-06-06 10:41:31,089 - utils.py[line:134]:  32	0.99667		1.00000		0.58600		0.75550
2022-06-06 10:41:38,230 - utils.py[line:134]:  33	0.99667		1.00000		0.56325		0.74375
2022-06-06 10:41:45,049 - utils.py[line:134]:  34	0.99667		1.00000		0.59800		0.76025
2022-06-06 10:41:51,879 - utils.py[line:134]:  35	0.99667		1.00000		0.60100		0.76550
2022-06-06 10:41:58,832 - utils.py[line:134]:  36	0.99667		1.00000		0.60875		0.76975
2022-06-06 10:42:05,941 - utils.py[line:134]:  37	0.99667		1.00000		0.63100		0.78375
2022-06-06 10:42:13,017 - utils.py[line:134]:  38	0.99667		1.00000		0.57925		0.75000
2022-06-06 10:42:20,064 - utils.py[line:134]:  39	0.99500		1.00000		0.61150		0.77625
2022-06-06 10:42:26,802 - utils.py[line:134]:  40	0.99667		1.00000		0.62725		0.78775
2022-06-06 10:42:33,836 - utils.py[line:134]:  41	0.99667		1.00000		0.61950		0.77475
2022-06-06 10:42:40,760 - utils.py[line:134]:  42	0.99667		1.00000		0.61900		0.78500
2022-06-06 10:42:48,210 - utils.py[line:134]:  43	0.99667		1.00000		0.63450		0.79225
2022-06-06 10:42:55,239 - utils.py[line:134]:  44	0.99500		1.00000		0.63325		0.79675
2022-06-06 10:43:02,096 - utils.py[line:134]:  45	0.99667		1.00000		0.62000		0.78625
2022-06-06 10:43:09,259 - utils.py[line:134]:  46	0.99667		1.00000		0.64100		0.79825
2022-06-06 10:43:15,900 - utils.py[line:134]:  47	0.99667		1.00000		0.60925		0.77475
2022-06-06 10:43:23,033 - utils.py[line:134]:  48	0.99667		1.00000		0.57425		0.74950
2022-06-06 10:43:29,801 - utils.py[line:134]:  49	0.99667		1.00000		0.62775		0.77425
2022-06-06 10:43:36,711 - utils.py[line:134]:  50	0.99167		1.00000		0.62125		0.77825
2022-06-06 10:43:43,671 - utils.py[line:134]:  51	0.99500		1.00000		0.58725		0.76250
2022-06-06 10:43:50,527 - utils.py[line:134]:  52	0.99667		1.00000		0.63250		0.78550
2022-06-06 10:43:57,569 - utils.py[line:134]:  53	0.99667		1.00000		0.63125		0.79075
2022-06-06 10:44:04,448 - utils.py[line:134]:  54	0.99667		1.00000		0.60125		0.77475
2022-06-06 10:44:11,046 - utils.py[line:134]:  55	0.99667		1.00000		0.62475		0.79050
2022-06-06 10:44:18,214 - utils.py[line:134]:  56	0.99667		1.00000		0.62775		0.79025
2022-06-06 10:44:25,438 - utils.py[line:134]:  57	0.99667		1.00000		0.60225		0.77275
2022-06-06 10:44:32,488 - utils.py[line:134]:  58	0.99667		1.00000		0.56700		0.73800
2022-06-06 10:44:39,263 - utils.py[line:134]:  59	0.99667		1.00000		0.62975		0.78800
2022-06-06 10:44:46,106 - utils.py[line:134]:  60	0.99667		1.00000		0.60300		0.76150
2022-06-06 10:44:52,779 - utils.py[line:134]:  61	0.99667		1.00000		0.61800		0.78475
2022-06-06 10:44:59,398 - utils.py[line:134]:  62	0.99667		1.00000		0.63600		0.78850
2022-06-06 10:45:06,419 - utils.py[line:134]:  63	0.99667		1.00000		0.60675		0.77375
2022-06-06 10:45:13,270 - utils.py[line:134]:  64	0.99667		1.00000		0.63875		0.79175
2022-06-06 10:45:20,195 - utils.py[line:134]:  65	0.99667		1.00000		0.63075		0.79175
2022-06-06 10:45:27,325 - utils.py[line:134]:  66	0.99667		1.00000		0.63950		0.79275
2022-06-06 10:45:34,285 - utils.py[line:134]:  67	0.99667		1.00000		0.63725		0.79475
2022-06-06 10:45:40,847 - utils.py[line:134]:  68	0.99667		1.00000		0.63725		0.79200
2022-06-06 10:45:48,385 - utils.py[line:134]:  69	0.99667		1.00000		0.64225		0.79550
2022-06-06 10:45:55,500 - utils.py[line:134]:  70	0.99667		1.00000		0.63350		0.78750
2022-06-06 10:46:02,997 - utils.py[line:134]:  71	0.99667		1.00000		0.65500		0.81175
2022-06-06 10:46:09,880 - utils.py[line:134]:  72	0.99667		1.00000		0.64475		0.80375
2022-06-06 10:46:16,904 - utils.py[line:134]:  73	0.99667		1.00000		0.65050		0.81000
2022-06-06 10:46:23,934 - utils.py[line:134]:  74	0.99667		1.00000		0.62400		0.78875
2022-06-06 10:46:31,018 - utils.py[line:134]:  75	0.99500		1.00000		0.64025		0.79800
2022-06-06 10:46:38,100 - utils.py[line:134]:  76	0.99667		1.00000		0.64100		0.80350
2022-06-06 10:46:45,233 - utils.py[line:134]:  77	0.99667		1.00000		0.63150		0.79400
2022-06-06 10:46:52,278 - utils.py[line:134]:  78	0.99667		1.00000		0.62750		0.79600
2022-06-06 10:46:59,303 - utils.py[line:134]:  79	0.99667		1.00000		0.64725		0.80575
2022-06-06 10:47:06,131 - utils.py[line:134]:  80	0.99667		1.00000		0.63250		0.80000
2022-06-06 10:47:13,141 - utils.py[line:134]:  81	0.99667		1.00000		0.64525		0.81175
2022-06-06 10:47:20,236 - utils.py[line:134]:  82	0.99667		1.00000		0.63100		0.80150
2022-06-06 10:47:27,020 - utils.py[line:134]:  83	0.99667		1.00000		0.64175		0.80825
2022-06-06 10:47:33,965 - utils.py[line:134]:  84	0.99667		1.00000		0.64600		0.79900
2022-06-06 10:47:40,715 - utils.py[line:134]:  85	0.99667		1.00000		0.62850		0.79400
2022-06-06 10:47:47,459 - utils.py[line:134]:  86	0.99667		1.00000		0.63450		0.78900
2022-06-06 10:47:54,488 - utils.py[line:134]:  87	0.99667		1.00000		0.62550		0.79025
2022-06-06 10:48:01,506 - utils.py[line:134]:  88	0.99667		1.00000		0.62150		0.80000
2022-06-06 10:48:08,801 - utils.py[line:134]:  89	0.99667		1.00000		0.62475		0.78925
2022-06-06 10:48:15,353 - utils.py[line:134]:  90	0.99667		1.00000		0.61750		0.78175
2022-06-06 10:48:22,483 - utils.py[line:134]:  91	0.99667		1.00000		0.61675		0.78025
2022-06-06 10:48:29,290 - utils.py[line:134]:  92	0.99667		1.00000		0.64750		0.80050
2022-06-06 10:48:36,288 - utils.py[line:134]:  93	0.99667		1.00000		0.65175		0.80525
2022-06-06 10:48:43,231 - utils.py[line:134]:  94	0.99667		1.00000		0.61300		0.76800
2022-06-06 10:48:49,828 - utils.py[line:134]:  95	0.99667		1.00000		0.63300		0.79600
2022-06-06 10:48:56,976 - utils.py[line:134]:  96	0.99500		1.00000		0.62625		0.78350
2022-06-06 10:49:03,927 - utils.py[line:134]:  97	0.99667		1.00000		0.61800		0.77550
2022-06-06 10:49:10,542 - utils.py[line:134]:  98	0.99667		1.00000		0.63650		0.79075
2022-06-06 10:49:17,598 - utils.py[line:134]:  99	0.99667		1.00000		0.63300		0.78975
2022-06-06 10:49:24,426 - utils.py[line:134]: 100	0.99667		1.00000		0.65300		0.79775
2022-06-06 10:49:31,119 - utils.py[line:134]: 101	0.99667		1.00000		0.63625		0.80175
2022-06-06 10:49:37,828 - utils.py[line:134]: 102	0.99667		1.00000		0.62925		0.79175
2022-06-06 10:49:44,689 - utils.py[line:134]: 103	0.99667		1.00000		0.61150		0.78275
2022-06-06 10:49:51,751 - utils.py[line:134]: 104	0.99667		1.00000		0.61000		0.78850
2022-06-06 10:49:58,796 - utils.py[line:134]: 105	0.99667		1.00000		0.63600		0.80350
2022-06-06 10:50:05,468 - utils.py[line:134]: 106	0.99667		1.00000		0.64450		0.79875
2022-06-06 10:50:12,474 - utils.py[line:134]: 107	0.99667		1.00000		0.64450		0.80500
2022-06-06 10:50:19,337 - utils.py[line:134]: 108	0.99667		1.00000		0.63925		0.78875
2022-06-06 10:50:25,842 - utils.py[line:134]: 109	0.99667		1.00000		0.62575		0.79250
2022-06-06 10:50:32,613 - utils.py[line:134]: 110	0.99667		1.00000		0.60975		0.77975
2022-06-06 10:50:39,370 - utils.py[line:134]: 111	0.99667		1.00000		0.61975		0.77275
2022-06-06 10:50:46,207 - utils.py[line:134]: 112	0.99667		1.00000		0.63825		0.80525
2022-06-06 10:50:53,007 - utils.py[line:134]: 113	0.99667		1.00000		0.59475		0.77100
2022-06-06 10:50:59,886 - utils.py[line:134]: 114	0.99667		1.00000		0.64575		0.80025
2022-06-06 10:51:06,422 - utils.py[line:134]: 115	0.99667		1.00000		0.63850		0.80175
2022-06-06 10:51:13,549 - utils.py[line:134]: 116	0.99667		1.00000		0.61450		0.78250
2022-06-06 10:51:20,535 - utils.py[line:134]: 117	0.99667		1.00000		0.64000		0.80275
2022-06-06 10:51:27,285 - utils.py[line:134]: 118	0.99667		1.00000		0.64225		0.80325
2022-06-06 10:51:34,364 - utils.py[line:134]: 119	0.99667		1.00000		0.61800		0.77950
2022-06-06 10:51:41,512 - utils.py[line:134]: 120	0.99667		1.00000		0.63075		0.79875
2022-06-06 10:51:48,590 - utils.py[line:134]: 121	0.99667		1.00000		0.62825		0.79400
2022-06-06 10:51:55,620 - utils.py[line:134]: 122	0.99667		1.00000		0.63100		0.79000
2022-06-06 10:52:02,904 - utils.py[line:134]: 123	0.99667		1.00000		0.60800		0.78475
2022-06-06 10:52:09,722 - utils.py[line:134]: 124	0.99667		1.00000		0.61225		0.78725
2022-06-06 10:52:16,362 - utils.py[line:134]: 125	0.99667		1.00000		0.64275		0.81225
2022-06-06 10:52:23,510 - utils.py[line:134]: 126	0.99667		1.00000		0.62900		0.80075
2022-06-06 10:52:30,845 - utils.py[line:134]: 127	0.99667		1.00000		0.63300		0.80350
2022-06-06 10:52:38,159 - utils.py[line:134]: 128	0.99667		1.00000		0.63175		0.80100
2022-06-06 10:52:45,137 - utils.py[line:134]: 129	0.99667		1.00000		0.63375		0.79975
2022-06-06 10:52:52,354 - utils.py[line:134]: 130	0.99667		1.00000		0.63925		0.80300
2022-06-06 10:52:59,544 - utils.py[line:134]: 131	0.99667		1.00000		0.63575		0.80725
2022-06-06 10:53:06,871 - utils.py[line:134]: 132	0.99667		1.00000		0.64300		0.81100
2022-06-06 10:53:13,734 - utils.py[line:134]: 133	0.99667		1.00000		0.64725		0.80650
2022-06-06 10:53:20,709 - utils.py[line:134]: 134	0.99667		1.00000		0.63625		0.80100
2022-06-06 10:53:27,818 - utils.py[line:134]: 135	0.99667		1.00000		0.62275		0.79900
2022-06-06 10:53:34,677 - utils.py[line:134]: 136	0.99667		1.00000		0.64100		0.80825
2022-06-06 10:53:41,432 - utils.py[line:134]: 137	0.99667		1.00000		0.65400		0.80950
2022-06-06 10:53:48,869 - utils.py[line:134]: 138	0.99667		1.00000		0.65675		0.81675
2022-06-06 10:53:55,926 - utils.py[line:134]: 139	0.99667		1.00000		0.64700		0.80275
2022-06-06 10:54:02,675 - utils.py[line:134]: 140	0.99667		1.00000		0.64225		0.80125
2022-06-06 10:54:09,903 - utils.py[line:134]: 141	0.99667		1.00000		0.63375		0.80400
2022-06-06 10:54:16,843 - utils.py[line:134]: 142	0.99667		1.00000		0.63025		0.79800
2022-06-06 10:54:24,180 - utils.py[line:134]: 143	0.99667		1.00000		0.63600		0.80250
2022-06-06 10:54:31,444 - utils.py[line:134]: 144	0.99667		1.00000		0.64075		0.80150
2022-06-06 10:54:38,795 - utils.py[line:134]: 145	0.99667		1.00000		0.63300		0.79475
2022-06-06 10:54:45,888 - utils.py[line:134]: 146	0.99667		1.00000		0.63750		0.79700
2022-06-06 10:54:53,026 - utils.py[line:134]: 147	0.99667		1.00000		0.64650		0.79600
2022-06-06 10:55:00,131 - utils.py[line:134]: 148	0.99667		1.00000		0.64025		0.80550
2022-06-06 10:55:07,428 - utils.py[line:134]: 149	0.99667		1.00000		0.64700		0.80825
2022-06-06 10:55:14,757 - utils.py[line:134]: 150	0.99667		1.00000		0.64825		0.80900
2022-06-06 10:55:22,091 - utils.py[line:134]: 151	0.99667		1.00000		0.65325		0.81500
2022-06-06 10:55:29,236 - utils.py[line:134]: 152	0.99667		1.00000		0.63125		0.79375
2022-06-06 10:55:36,257 - utils.py[line:134]: 153	0.99667		1.00000		0.63725		0.80275
2022-06-06 10:55:43,561 - utils.py[line:134]: 154	0.99667		1.00000		0.62450		0.80150
2022-06-06 10:55:50,225 - utils.py[line:134]: 155	0.99667		1.00000		0.60500		0.77750
2022-06-06 10:55:56,870 - utils.py[line:134]: 156	0.99667		1.00000		0.63400		0.79825
2022-06-06 10:56:04,009 - utils.py[line:134]: 157	0.99667		1.00000		0.61400		0.79050
2022-06-06 10:56:11,606 - utils.py[line:134]: 158	0.99667		1.00000		0.63100		0.79125
2022-06-06 10:56:18,654 - utils.py[line:134]: 159	0.99667		1.00000		0.64525		0.80350
2022-06-06 10:56:25,425 - utils.py[line:134]: 160	0.99667		1.00000		0.64825		0.81200
2022-06-06 10:56:32,450 - utils.py[line:134]: 161	0.99667		1.00000		0.63800		0.78975
2022-06-06 10:56:39,401 - utils.py[line:134]: 162	0.99667		1.00000		0.62825		0.79575
2022-06-06 10:56:46,595 - utils.py[line:134]: 163	0.99667		1.00000		0.63250		0.79825
2022-06-06 10:56:53,710 - utils.py[line:134]: 164	0.99667		1.00000		0.64150		0.80700
2022-06-06 10:57:00,659 - utils.py[line:134]: 165	0.99667		1.00000		0.64000		0.81300
2022-06-06 10:57:07,520 - utils.py[line:134]: 166	0.99667		1.00000		0.64000		0.80375
2022-06-06 10:57:14,523 - utils.py[line:134]: 167	0.99667		1.00000		0.64075		0.80825
2022-06-06 10:57:21,384 - utils.py[line:134]: 168	0.99667		1.00000		0.64025		0.80125
2022-06-06 10:57:28,083 - utils.py[line:134]: 169	0.99667		1.00000		0.63600		0.79900
2022-06-06 10:57:35,285 - utils.py[line:134]: 170	0.99667		1.00000		0.64300		0.79775
2022-06-06 10:57:42,387 - utils.py[line:134]: 171	0.99667		1.00000		0.64250		0.80125
2022-06-06 10:57:49,051 - utils.py[line:134]: 172	0.99667		1.00000		0.62200		0.79550
2022-06-06 10:57:56,243 - utils.py[line:134]: 173	0.99667		1.00000		0.63575		0.80350
2022-06-06 10:58:03,195 - utils.py[line:134]: 174	0.99667		1.00000		0.63425		0.79750
2022-06-06 10:58:10,406 - utils.py[line:134]: 175	0.99667		1.00000		0.63775		0.80925
2022-06-06 10:58:17,835 - utils.py[line:134]: 176	0.99667		1.00000		0.64225		0.79950
2022-06-06 10:58:25,201 - utils.py[line:134]: 177	0.99667		1.00000		0.65000		0.81025
2022-06-06 10:58:32,182 - utils.py[line:134]: 178	0.99667		1.00000		0.63625		0.80275
2022-06-06 10:58:39,329 - utils.py[line:134]: 179	0.99667		1.00000		0.62900		0.79225
2022-06-06 10:58:46,277 - utils.py[line:134]: 180	0.99667		1.00000		0.61800		0.78325
2022-06-06 10:58:53,592 - utils.py[line:134]: 181	0.99667		1.00000		0.64225		0.79900
2022-06-06 10:59:00,617 - utils.py[line:134]: 182	0.99667		1.00000		0.64250		0.80275
2022-06-06 10:59:07,773 - utils.py[line:134]: 183	0.99667		1.00000		0.63975		0.80125
2022-06-06 10:59:15,132 - utils.py[line:134]: 184	0.99667		1.00000		0.63650		0.79000
2022-06-06 10:59:22,207 - utils.py[line:134]: 185	0.99667		1.00000		0.63025		0.78875
2022-06-06 10:59:29,355 - utils.py[line:134]: 186	0.99667		1.00000		0.62425		0.79125
2022-06-06 10:59:36,496 - utils.py[line:134]: 187	0.99667		1.00000		0.62800		0.79600
2022-06-06 10:59:43,542 - utils.py[line:134]: 188	0.99667		1.00000		0.64750		0.81425
2022-06-06 10:59:50,454 - utils.py[line:134]: 189	0.99667		1.00000		0.64150		0.80825
2022-06-06 10:59:57,313 - utils.py[line:134]: 190	0.99667		1.00000		0.64650		0.80475
2022-06-06 11:00:04,560 - utils.py[line:134]: 191	0.99667		1.00000		0.63900		0.80200
2022-06-06 11:00:11,627 - utils.py[line:134]: 192	0.99667		1.00000		0.64475		0.80450
2022-06-06 11:00:18,753 - utils.py[line:134]: 193	0.99667		1.00000		0.59750		0.78125
2022-06-06 11:00:25,661 - utils.py[line:134]: 194	0.99667		1.00000		0.62975		0.79625
2022-06-06 11:00:32,640 - utils.py[line:134]: 195	0.99667		1.00000		0.63175		0.80650
2022-06-06 11:00:39,667 - utils.py[line:134]: 196	0.99667		1.00000		0.63600		0.80225
2022-06-06 11:00:46,677 - utils.py[line:134]: 197	0.99667		1.00000		0.64325		0.80575
2022-06-06 11:00:53,648 - utils.py[line:134]: 198	0.99667		1.00000		0.64825		0.80525
2022-06-06 11:01:00,840 - utils.py[line:134]: 199	0.99667		1.00000		0.65125		0.80000
2022-06-06 11:01:07,393 - utils.py[line:134]: 200	0.99667		1.00000		0.64450		0.80875
2022-06-06 11:01:07,394 - utils.py[line:136]: Best test top1 accuracy is 0.65675 at epoch 138
